2024-01-23 12:02:20,740 INFO o.a.j.u.JMeterUtils: Setting Locale to en_EN
2024-01-23 12:02:20,771 INFO o.a.j.JMeter: Loading user properties from: /usr/local/Cellar/jmeter/5.6.3/libexec/bin/user.properties
2024-01-23 12:02:20,772 INFO o.a.j.JMeter: Loading system properties from: /usr/local/Cellar/jmeter/5.6.3/libexec/bin/system.properties
2024-01-23 12:02:20,779 INFO o.a.j.JMeter: Copyright (c) 1998-2024 The Apache Software Foundation
2024-01-23 12:02:20,779 INFO o.a.j.JMeter: Version 5.6.3
2024-01-23 12:02:20,779 INFO o.a.j.JMeter: java.version=21.0.1
2024-01-23 12:02:20,779 INFO o.a.j.JMeter: java.vm.name=OpenJDK 64-Bit Server VM
2024-01-23 12:02:20,779 INFO o.a.j.JMeter: os.name=Mac OS X
2024-01-23 12:02:20,779 INFO o.a.j.JMeter: os.arch=x86_64
2024-01-23 12:02:20,779 INFO o.a.j.JMeter: os.version=14.2.1
2024-01-23 12:02:20,779 INFO o.a.j.JMeter: file.encoding=UTF-8
2024-01-23 12:02:20,780 INFO o.a.j.JMeter: java.awt.headless=null
2024-01-23 12:02:20,780 INFO o.a.j.JMeter: Max memory     =1073741824
2024-01-23 12:02:20,780 INFO o.a.j.JMeter: Available Processors =12
2024-01-23 12:02:20,794 INFO o.a.j.JMeter: Default Locale=English (EN)
2024-01-23 12:02:20,794 INFO o.a.j.JMeter: JMeter  Locale=English (EN)
2024-01-23 12:02:20,794 INFO o.a.j.JMeter: JMeterHome=/usr/local/Cellar/jmeter/5.6.3/libexec
2024-01-23 12:02:20,794 INFO o.a.j.JMeter: user.dir  =/Library/WebServer/Documents/accounts-system
2024-01-23 12:02:20,794 INFO o.a.j.JMeter: PWD       =/Library/WebServer/Documents/accounts-system
2024-01-23 12:02:20,796 INFO o.a.j.JMeter: IP: 127.0.0.1 Name: Shepherds-MacBook-Pro.local FullName: localhost
2024-01-23 12:02:20,817 INFO o.a.j.JMeter: Loaded icon properties from org/apache/jmeter/images/icon.properties
2024-01-23 12:02:21,424 INFO o.a.j.JMeterGuiLauncher: Setting LAF to: com.github.weisj.darklaf.DarkLaf:com.github.weisj.darklaf.theme.DarculaTheme
2024-01-23 12:02:23,669 INFO o.a.j.r.ClassFinder: Will scan jar /usr/local/Cellar/jmeter/5.6.3/libexec/lib/ext/jmeter-plugins-manager-1.9.jar with filter ExtendsClassFilter [parents=[interface org.apache.jmeter.gui.action.Command], inner=false, contains=null, notContains=null]. Consider exposing JMeter plugins via META-INF/services, and add JMeter-Skip-Class-Scanning=true manifest attribute so JMeter can skip classfile scanning
2024-01-23 12:02:23,865 INFO o.a.j.r.ClassFinder: Will scan jar /usr/local/Cellar/jmeter/5.6.3/libexec/lib/ext/jmeter-plugins-manager-1.9.jar with filter ExtendsClassFilter [parents=[interface org.apache.jmeter.gui.plugin.MenuCreator], inner=false, contains=null, notContains=null]. Consider exposing JMeter plugins via META-INF/services, and add JMeter-Skip-Class-Scanning=true manifest attribute so JMeter can skip classfile scanning
2024-01-23 12:02:24,039 INFO o.j.r.JARSourceHTTP: Requesting https://jmeter-plugins.org/repo/?installID=mac_os_x-ee3d4c67eccaf089f1c13646e0377064-gui
2024-01-23 12:02:27,260 INFO o.j.r.PluginManager: Plugins Status: [jpgc-plugins-manager=1.9, jmeter-core=5.6.3, jmeter-ftp=5.6.3, jmeter-http=5.6.3, jmeter-jdbc=5.6.3, jmeter-jms=5.6.3, jmeter-junit=5.6.3, jmeter-java=5.6.3, jmeter-ldap=5.6.3, jmeter-mail=5.6.3, jmeter-mongodb=5.6.3, jmeter-native=5.6.3, jmeter-tcp=5.6.3, jmeter-components=5.6.3]
2024-01-23 12:02:27,262 INFO o.j.r.PluginManagerMenuItem: Plugins Manager has upgrades: [jpgc-plugins-manager]
2024-01-23 12:34:57,359 INFO o.a.j.p.h.s.HTTPSamplerBase: Parser for text/html is org.apache.jmeter.protocol.http.parser.LagartoBasedHtmlParser
2024-01-23 12:34:57,360 INFO o.a.j.p.h.s.HTTPSamplerBase: Parser for application/xhtml+xml is org.apache.jmeter.protocol.http.parser.LagartoBasedHtmlParser
2024-01-23 12:34:57,360 INFO o.a.j.p.h.s.HTTPSamplerBase: Parser for application/xml is org.apache.jmeter.protocol.http.parser.LagartoBasedHtmlParser
2024-01-23 12:34:57,360 INFO o.a.j.p.h.s.HTTPSamplerBase: Parser for text/xml is org.apache.jmeter.protocol.http.parser.LagartoBasedHtmlParser
2024-01-23 12:34:57,360 INFO o.a.j.p.h.s.HTTPSamplerBase: Parser for text/vnd.wap.wml is org.apache.jmeter.protocol.http.parser.RegexpHTMLParser
2024-01-23 12:34:57,360 INFO o.a.j.p.h.s.HTTPSamplerBase: Parser for text/css is org.apache.jmeter.protocol.http.parser.CssParser
